Arguments: 
  E:\NodeJS\node.exe C:\Users\denis\AppData\Roaming\npm\node_modules\yarn\bin\yarn.js add cannon

PATH: 
  C:\Python312\Scripts\;C:\Python312\;C:\Program Files\Python311\Scripts\;C:\Program Files\Python311\;C:\Windows\system32;C:\Windows;C:\Windows\System32\Wbem;C:\Windows\System32\WindowsPowerShell\v1.0\;C:\Windows\System32\OpenSSH\;C:\Program Files\Git\cmd;C:\Program Files (x86)\NVIDIA Corporation\PhysX\Common;C:\Program Files\Git LFS;C:\Program Files\dotnet\;C:\Program Files (x86)\Windows Kits\10\Windows Performance Toolkit\;E:\Visual Studio Code;E:\FFmpeg\bin;E:\Node Version Manager;E:\NodeJS;C:\Users\denis\miniconda3;C:\Users\denis\miniconda3\Library\mingw-w64\bin;C:\Users\denis\miniconda3\Library\usr\bin;C:\Users\denis\miniconda3\Library\bin;C:\Users\denis\miniconda3\Scripts;C:\Users\denis\AppData\Local\Microsoft\WindowsApps;C:\Users\denis\.dotnet\tools;E:\Visual Studio Code\bin;C:\Users\denis\AppData\Roaming\npm;E:\Node Version Manager;E:\NodeJS;E:\LLVM\bin;E:\cmake\bin

Yarn version: 
  1.22.0

Node version: 
  20.10.0

Platform: 
  win32 x64

Trace: 
  Error: EPERM: operation not permitted, unlink 'D:\FrontendTitan Video Projects\ts-game\node_modules\@rollup\rollup-win32-x64-msvc\rollup.win32-x64-msvc.node'

npm manifest: 
  {
    "dependencies": {
      "@types/three": "^0.160.0",
      "three": "^0.160.0",
      "three-buffer-geometry-utils": "^1.0.0",
      "vite": "^5.0.10"
    }
  }

yarn manifest: 
  No manifest

Lockfile: 
  # THIS IS AN AUTOGENERATED FILE. DO NOT EDIT THIS FILE DIRECTLY.
  # yarn lockfile v1
  
  
  "@esbuild/win32-x64@0.19.11":
    version "0.19.11"
    resolved "https://registry.npmjs.org/@esbuild/win32-x64/-/win32-x64-0.19.11.tgz"
    integrity sha512-vfkhltrjCAb603XaFhqhAF4LGDi2M4OrCRrFusyQ+iTLQ/o60QQXxc9cZC/FFpihBI9N1Grn6SMKVJ4KP7Fuiw==
  
  "@rollup/rollup-win32-x64-msvc@4.9.2":
    version "4.9.2"
    resolved "https://registry.npmjs.org/@rollup/rollup-win32-x64-msvc/-/rollup-win32-x64-msvc-4.9.2.tgz"
    integrity sha512-SYRedJi+mweatroB+6TTnJYLts0L0bosg531xnQWtklOI6dezEagx4Q0qDyvRdK+qgdA3YZpjjGuPFtxBmddBA==
  
  "@types/stats.js@*":
    version "0.17.3"
    resolved "https://registry.npmjs.org/@types/stats.js/-/stats.js-0.17.3.tgz"
    integrity sha512-pXNfAD3KHOdif9EQXZ9deK82HVNaXP5ZIF5RP2QG6OQFNTaY2YIetfrE9t528vEreGQvEPRDDc8muaoYeK0SxQ==
  
  "@types/three@^0.160.0":
    version "0.160.0"
    resolved "https://registry.npmjs.org/@types/three/-/three-0.160.0.tgz"
    integrity sha512-jWlbUBovicUKaOYxzgkLlhkiEQJkhCVvg4W2IYD2trqD2om3VK4DGLpHH5zQHNr7RweZK/5re/4IVhbhvxbV9w==
    dependencies:
      "@types/stats.js" "*"
      "@types/webxr" "*"
      fflate "~0.6.10"
      meshoptimizer "~0.18.1"
  
  "@types/webxr@*":
    version "0.5.10"
    resolved "https://registry.npmjs.org/@types/webxr/-/webxr-0.5.10.tgz"
    integrity sha512-n3u5sqXQJhf1CS68mw3Wf16FQ4cRPNBBwdYLFzq3UddiADOim1Pn3Y6PBdDilz1vOJF3ybLxJ8ZEDlLIzrOQZg==
  
  esbuild@^0.19.3:
    version "0.19.11"
    resolved "https://registry.npmjs.org/esbuild/-/esbuild-0.19.11.tgz"
    integrity sha512-HJ96Hev2hX/6i5cDVwcqiJBBtuo9+FeIJOtZ9W1kA5M6AMJRHUZlpYZ1/SbEwtO0ioNAW8rUooVpC/WehY2SfA==
    optionalDependencies:
      "@esbuild/aix-ppc64" "0.19.11"
      "@esbuild/android-arm" "0.19.11"
      "@esbuild/android-arm64" "0.19.11"
      "@esbuild/android-x64" "0.19.11"
      "@esbuild/darwin-arm64" "0.19.11"
      "@esbuild/darwin-x64" "0.19.11"
      "@esbuild/freebsd-arm64" "0.19.11"
      "@esbuild/freebsd-x64" "0.19.11"
      "@esbuild/linux-arm" "0.19.11"
      "@esbuild/linux-arm64" "0.19.11"
      "@esbuild/linux-ia32" "0.19.11"
      "@esbuild/linux-loong64" "0.19.11"
      "@esbuild/linux-mips64el" "0.19.11"
      "@esbuild/linux-ppc64" "0.19.11"
      "@esbuild/linux-riscv64" "0.19.11"
      "@esbuild/linux-s390x" "0.19.11"
      "@esbuild/linux-x64" "0.19.11"
      "@esbuild/netbsd-x64" "0.19.11"
      "@esbuild/openbsd-x64" "0.19.11"
      "@esbuild/sunos-x64" "0.19.11"
      "@esbuild/win32-arm64" "0.19.11"
      "@esbuild/win32-ia32" "0.19.11"
      "@esbuild/win32-x64" "0.19.11"
  
  fflate@~0.6.10:
    version "0.6.10"
    resolved "https://registry.npmjs.org/fflate/-/fflate-0.6.10.tgz"
    integrity sha512-IQrh3lEPM93wVCEczc9SaAOvkmcoQn/G8Bo1e8ZPlY3X3bnAxWaBdvTdvM1hP62iZp0BXWDy4vTAy4fF0+Dlpg==
  
  meshoptimizer@~0.18.1:
    version "0.18.1"
    resolved "https://registry.npmjs.org/meshoptimizer/-/meshoptimizer-0.18.1.tgz"
    integrity sha512-ZhoIoL7TNV4s5B6+rx5mC//fw8/POGyNxS/DZyCJeiZ12ScLfVwRE/GfsxwiTkMYYD5DmK2/JXnEVXqL4rF+Sw==
  
  nanoid@^3.3.7:
    version "3.3.7"
    resolved "https://registry.npmjs.org/nanoid/-/nanoid-3.3.7.tgz"
    integrity sha512-eSRppjcPIatRIMC1U6UngP8XFcz8MQWGQdt1MTBQ7NaAmvXDfvNxbvWV3x2y6CdEUciCSsDHDQZbhYaB8QEo2g==
  
  picocolors@^1.0.0:
    version "1.0.0"
    resolved "https://registry.npmjs.org/picocolors/-/picocolors-1.0.0.tgz"
    integrity sha512-1fygroTLlHu66zi26VoTDv8yRgm0Fccecssto+MhsZ0D/DGW2sm8E8AjW7NU5VVTRt5GxbeZ5qBuJr+HyLYkjQ==
  
  postcss@^8.4.32:
    version "8.4.32"
    resolved "https://registry.npmjs.org/postcss/-/postcss-8.4.32.tgz"
    integrity sha512-D/kj5JNu6oo2EIy+XL/26JEDTlIbB8hw85G8StOE6L74RQAVVP5rej6wxCNqyMbR4RkPfqvezVbPw81Ngd6Kcw==
    dependencies:
      nanoid "^3.3.7"
      picocolors "^1.0.0"
      source-map-js "^1.0.2"
  
  rollup@^4.2.0:
    version "4.9.2"
    resolved "https://registry.npmjs.org/rollup/-/rollup-4.9.2.tgz"
    integrity sha512-66RB8OtFKUTozmVEh3qyNfH+b+z2RXBVloqO2KCC/pjFaGaHtxP9fVfOQKPSGXg2mElmjmxjW/fZ7iKrEpMH5Q==
    optionalDependencies:
      "@rollup/rollup-android-arm-eabi" "4.9.2"
      "@rollup/rollup-android-arm64" "4.9.2"
      "@rollup/rollup-darwin-arm64" "4.9.2"
      "@rollup/rollup-darwin-x64" "4.9.2"
      "@rollup/rollup-linux-arm-gnueabihf" "4.9.2"
      "@rollup/rollup-linux-arm64-gnu" "4.9.2"
      "@rollup/rollup-linux-arm64-musl" "4.9.2"
      "@rollup/rollup-linux-riscv64-gnu" "4.9.2"
      "@rollup/rollup-linux-x64-gnu" "4.9.2"
      "@rollup/rollup-linux-x64-musl" "4.9.2"
      "@rollup/rollup-win32-arm64-msvc" "4.9.2"
      "@rollup/rollup-win32-ia32-msvc" "4.9.2"
      "@rollup/rollup-win32-x64-msvc" "4.9.2"
      fsevents "~2.3.2"
  
  source-map-js@^1.0.2:
    version "1.0.2"
    resolved "https://registry.npmjs.org/source-map-js/-/source-map-js-1.0.2.tgz"
    integrity sha512-R0XvVJ9WusLiqTCEiGCmICCMplcCkIwwR11mOSD9CR5u+IXYdiseeEuXCVAjS54zqwkLcPNnmU4OeJ6tUrWhDw==
  
  three-buffer-geometry-utils@^1.0.0:
    version "1.0.0"
    resolved "https://registry.npmjs.org/three-buffer-geometry-utils/-/three-buffer-geometry-utils-1.0.0.tgz"
    integrity sha512-fiDmFdHXlzWmdGtB4y6/WbBDBuKD/TCVJyj8wYftr99pPWAmRynvL96PuVVFsQ/Gck5H2P23E4i1M3LOnTaGrg==
  
  three@^0.160.0:
    version "0.160.0"
    resolved "https://registry.npmjs.org/three/-/three-0.160.0.tgz"
    integrity sha512-DLU8lc0zNIPkM7rH5/e1Ks1Z8tWCGRq6g8mPowdDJpw1CFBJMU7UoJjC6PefXW7z//SSl0b2+GCw14LB+uDhng==
  
  vite@^5.0.10:
    version "5.0.10"
    resolved "https://registry.npmjs.org/vite/-/vite-5.0.10.tgz"
    integrity sha512-2P8J7WWgmc355HUMlFrwofacvr98DAjoE52BfdbwQtyLH06XKwaL/FMnmKM2crF0iX4MpmMKoDlNCB1ok7zHCw==
    dependencies:
      esbuild "^0.19.3"
      postcss "^8.4.32"
      rollup "^4.2.0"
    optionalDependencies:
      fsevents "~2.3.3"
